--- Log started for process_data at 2026-04-10 11:02:09.915583 ---
--- Log file: D:\nnUnet (Ankle)\Segment_App\logs\process_data_20260410_110209.log ---
--------------------
Step 1: Sorting DICOM files...
Sorting DICOMs from: E:\becken2\0000E3EC
Output sorted DICOMs to: E:\becken2\sortiert
Output NIFTI files to: E:\becken2\NIFTI
Using only PatientName for folder naming: True
Scanning DICOM files and preparing copy list...

Starting parallel link of 1210 files...

DICOM Sorting Summary:
  Linked: 1210
  Skipped: 0
  Errors: 0
Step 2: Preparing conversion tasks...
Step 3: Starting conversion with 14 processes...
--------------------
Conversion Summary:
  Successful: 1
  Failed: 0
  Total Time: 41.69s
--------------------

--- Finished process_data successfully at 2026-04-10 11:03:27.584916 ---
